2019-06-27 14:01:15,979 DEBUG [net.java_school.bank.BankUi.main()] o.s.c.a.AnnotationConfigApplicationContext [AbstractApplicationContext.java:594] Refreshing org.springframework.context.annotation.AnnotationConfigApplicationContext@19e7c86c
2019-06-27 14:01:16,021 DEBUG [net.java_school.bank.BankUi.main()] o.s.b.f.s.DefaultListableBeanFactory [DefaultSingletonBeanRegistry.java:213] Creating shared instance of singleton bean 'org.springframework.context.annotation.internalConfigurationAnnotationProcessor'
2019-06-27 14:01:16,376 DEBUG [net.java_school.bank.BankUi.main()] o.s.b.f.s.DefaultListableBeanFactory [DefaultSingletonBeanRegistry.java:213] Creating shared instance of singleton bean 'org.springframework.context.event.internalEventListenerProcessor'
2019-06-27 14:01:16,380 DEBUG [net.java_school.bank.BankUi.main()] o.s.b.f.s.DefaultListableBeanFactory [DefaultSingletonBeanRegistry.java:213] Creating shared instance of singleton bean 'org.springframework.context.event.internalEventListenerFactory'
2019-06-27 14:01:16,384 DEBUG [net.java_school.bank.BankUi.main()] o.s.b.f.s.DefaultListableBeanFactory [DefaultSingletonBeanRegistry.java:213] Creating shared instance of singleton bean 'org.springframework.context.annotation.internalAutowiredAnnotationProcessor'
2019-06-27 14:01:16,386 DEBUG [net.java_school.bank.BankUi.main()] o.s.b.f.s.DefaultListableBeanFactory [DefaultSingletonBeanRegistry.java:213] Creating shared instance of singleton bean 'org.springframework.aop.config.internalAutoProxyCreator'
2019-06-27 14:01:16,669 DEBUG [net.java_school.bank.BankUi.main()] o.s.b.f.s.DefaultListableBeanFactory [DefaultSingletonBeanRegistry.java:213] Creating shared instance of singleton bean 'bankConfig'
2019-06-27 14:01:16,765 DEBUG [net.java_school.bank.BankUi.main()] o.s.a.a.a.ReflectiveAspectJAdvisorFactory [ReflectiveAspectJAdvisorFactory.java:243] Found AspectJ method: public void net.java_school.commons.TestLogger.depositLog(org.aspectj.lang.JoinPoint)
2019-06-27 14:01:16,769 DEBUG [net.java_school.bank.BankUi.main()] o.s.a.a.a.ReflectiveAspectJAdvisorFactory [ReflectiveAspectJAdvisorFactory.java:243] Found AspectJ method: public void net.java_school.commons.TestLogger.withdrawLog(java.lang.String,long)
2019-06-27 14:01:17,094 DEBUG [net.java_school.bank.BankUi.main()] o.s.b.f.s.DefaultListableBeanFactory [DefaultSingletonBeanRegistry.java:213] Creating shared instance of singleton bean 'testLogger'
2019-06-27 14:01:17,131 DEBUG [net.java_school.bank.BankUi.main()] o.s.b.f.s.DefaultListableBeanFactory [DefaultSingletonBeanRegistry.java:213] Creating shared instance of singleton bean 'shinhanBankDao'
2019-06-27 14:01:17,472 DEBUG [net.java_school.bank.BankUi.main()] o.s.b.f.s.DefaultListableBeanFactory [DefaultSingletonBeanRegistry.java:213] Creating shared instance of singleton bean 'shinhanBank'
2019-06-27 14:01:17,496 DEBUG [net.java_school.bank.BankUi.main()] o.s.b.f.s.DefaultListableBeanFactory [DefaultSingletonBeanRegistry.java:213] Creating shared instance of singleton bean 'bankUi'
2019-06-27 14:01:27,511 DEBUG [net.java_school.bank.BankUi.main()] o.s.c.a.AnnotationConfigApplicationContext [AbstractApplicationContext.java:1002] Closing org.springframework.context.annotation.AnnotationConfigApplicationContext@19e7c86c, started on Thu Jun 27 14:01:15 KST 2019
2020-12-24 12:15:12,472 DEBUG [net.java_school.bank.BankUi.main()] o.s.c.a.AnnotationConfigApplicationContext [AbstractApplicationContext.java:634] Refreshing org.springframework.context.annotation.AnnotationConfigApplicationContext@5ac45c74
2020-12-24 12:15:12,609 DEBUG [net.java_school.bank.BankUi.main()] o.s.b.f.s.DefaultListableBeanFactory [DefaultSingletonBeanRegistry.java:225] Creating shared instance of singleton bean 'org.springframework.context.annotation.internalConfigurationAnnotationProcessor'
2020-12-24 12:15:13,597 DEBUG [net.java_school.bank.BankUi.main()] o.s.b.f.s.DefaultListableBeanFactory [DefaultSingletonBeanRegistry.java:225] Creating shared instance of singleton bean 'org.springframework.context.event.internalEventListenerProcessor'
2020-12-24 12:15:13,601 DEBUG [net.java_school.bank.BankUi.main()] o.s.b.f.s.DefaultListableBeanFactory [DefaultSingletonBeanRegistry.java:225] Creating shared instance of singleton bean 'org.springframework.context.event.internalEventListenerFactory'
2020-12-24 12:15:13,608 DEBUG [net.java_school.bank.BankUi.main()] o.s.b.f.s.DefaultListableBeanFactory [DefaultSingletonBeanRegistry.java:225] Creating shared instance of singleton bean 'org.springframework.context.annotation.internalAutowiredAnnotationProcessor'
2020-12-24 12:15:13,632 DEBUG [net.java_school.bank.BankUi.main()] o.s.b.f.s.DefaultListableBeanFactory [DefaultSingletonBeanRegistry.java:225] Creating shared instance of singleton bean 'org.springframework.aop.config.internalAutoProxyCreator'
2020-12-24 12:15:14,116 DEBUG [net.java_school.bank.BankUi.main()] o.s.b.f.s.DefaultListableBeanFactory [DefaultSingletonBeanRegistry.java:225] Creating shared instance of singleton bean 'bankConfig'
2020-12-24 12:15:14,227 DEBUG [net.java_school.bank.BankUi.main()] o.s.a.a.a.ReflectiveAspectJAdvisorFactory [ReflectiveAspectJAdvisorFactory.java:258] Found AspectJ method: public void net.java_school.commons.TestLogger.depositLog(org.aspectj.lang.JoinPoint)
2020-12-24 12:15:14,249 DEBUG [net.java_school.bank.BankUi.main()] o.s.a.a.a.ReflectiveAspectJAdvisorFactory [ReflectiveAspectJAdvisorFactory.java:258] Found AspectJ method: public void net.java_school.commons.TestLogger.withdrawLog(java.lang.String,double)
2020-12-24 12:15:14,786 DEBUG [net.java_school.bank.BankUi.main()] o.s.b.f.s.DefaultListableBeanFactory [DefaultSingletonBeanRegistry.java:225] Creating shared instance of singleton bean 'testLogger'
2020-12-24 12:15:14,841 DEBUG [net.java_school.bank.BankUi.main()] o.s.b.f.s.DefaultListableBeanFactory [DefaultSingletonBeanRegistry.java:225] Creating shared instance of singleton bean 'shinhanBankDao'
2020-12-24 12:15:16,277 DEBUG [net.java_school.bank.BankUi.main()] o.s.b.f.s.DefaultListableBeanFactory [DefaultSingletonBeanRegistry.java:225] Creating shared instance of singleton bean 'shinhanBank'
2020-12-24 12:15:16,318 DEBUG [net.java_school.bank.BankUi.main()] o.s.b.f.s.DefaultListableBeanFactory [DefaultSingletonBeanRegistry.java:225] Creating shared instance of singleton bean 'bankUi'
2020-12-24 12:15:35,304 DEBUG [net.java_school.bank.BankUi.main()] n.j.c.TestLogger [TestLogger.java:24] WITHDRAW|202|10.0
2020-12-24 12:15:35,350 DEBUG [net.java_school.bank.BankUi.main()] n.j.c.TestLogger [TestLogger.java:24] WITHDRAW|202|10.0
2020-12-24 12:16:01,841 DEBUG [net.java_school.bank.BankUi.main()] n.j.c.TestLogger [TestLogger.java:19] deposit|202|2.5
2020-12-24 12:16:06,121 DEBUG [net.java_school.bank.BankUi.main()] o.s.c.a.AnnotationConfigApplicationContext [AbstractApplicationContext.java:1054] Closing org.springframework.context.annotation.AnnotationConfigApplicationContext@5ac45c74, started on Thu Dec 24 12:15:12 KST 2020
2020-12-24 13:58:59,913 DEBUG [net.java_school.bank.BankUi.main()] o.s.c.a.AnnotationConfigApplicationContext [AbstractApplicationContext.java:634] Refreshing org.springframework.context.annotation.AnnotationConfigApplicationContext@7f509a3b
2020-12-24 13:59:00,015 DEBUG [net.java_school.bank.BankUi.main()] o.s.b.f.s.DefaultListableBeanFactory [DefaultSingletonBeanRegistry.java:225] Creating shared instance of singleton bean 'org.springframework.context.annotation.internalConfigurationAnnotationProcessor'
2020-12-24 13:59:00,589 DEBUG [net.java_school.bank.BankUi.main()] o.s.b.f.s.DefaultListableBeanFactory [DefaultSingletonBeanRegistry.java:225] Creating shared instance of singleton bean 'org.springframework.context.event.internalEventListenerProcessor'
2020-12-24 13:59:00,594 DEBUG [net.java_school.bank.BankUi.main()] o.s.b.f.s.DefaultListableBeanFactory [DefaultSingletonBeanRegistry.java:225] Creating shared instance of singleton bean 'org.springframework.context.event.internalEventListenerFactory'
2020-12-24 13:59:00,598 DEBUG [net.java_school.bank.BankUi.main()] o.s.b.f.s.DefaultListableBeanFactory [DefaultSingletonBeanRegistry.java:225] Creating shared instance of singleton bean 'org.springframework.context.annotation.internalAutowiredAnnotationProcessor'
2020-12-24 13:59:00,609 DEBUG [net.java_school.bank.BankUi.main()] o.s.b.f.s.DefaultListableBeanFactory [DefaultSingletonBeanRegistry.java:225] Creating shared instance of singleton bean 'org.springframework.aop.config.internalAutoProxyCreator'
2020-12-24 13:59:01,045 DEBUG [net.java_school.bank.BankUi.main()] o.s.b.f.s.DefaultListableBeanFactory [DefaultSingletonBeanRegistry.java:225] Creating shared instance of singleton bean 'bankConfig'
2020-12-24 13:59:01,150 DEBUG [net.java_school.bank.BankUi.main()] o.s.a.a.a.ReflectiveAspectJAdvisorFactory [ReflectiveAspectJAdvisorFactory.java:258] Found AspectJ method: public void net.java_school.commons.TestLogger.depositLog(org.aspectj.lang.JoinPoint)
2020-12-24 13:59:01,154 DEBUG [net.java_school.bank.BankUi.main()] o.s.a.a.a.ReflectiveAspectJAdvisorFactory [ReflectiveAspectJAdvisorFactory.java:258] Found AspectJ method: public void net.java_school.commons.TestLogger.withdrawLog(java.lang.String,double)
2020-12-24 13:59:01,578 DEBUG [net.java_school.bank.BankUi.main()] o.s.b.f.s.DefaultListableBeanFactory [DefaultSingletonBeanRegistry.java:225] Creating shared instance of singleton bean 'testLogger'
2020-12-24 13:59:01,656 DEBUG [net.java_school.bank.BankUi.main()] o.s.b.f.s.DefaultListableBeanFactory [DefaultSingletonBeanRegistry.java:225] Creating shared instance of singleton bean 'myBankDao'
2020-12-24 13:59:02,195 DEBUG [net.java_school.bank.BankUi.main()] o.s.b.f.s.DefaultListableBeanFactory [DefaultSingletonBeanRegistry.java:225] Creating shared instance of singleton bean 'myBank'
2020-12-24 13:59:02,239 DEBUG [net.java_school.bank.BankUi.main()] o.s.b.f.s.DefaultListableBeanFactory [DefaultSingletonBeanRegistry.java:225] Creating shared instance of singleton bean 'bankUi'
2020-12-24 13:59:15,665 DEBUG [net.java_school.bank.BankUi.main()] n.j.c.TestLogger [TestLogger.java:19] deposit|202|0.7
2020-12-24 13:59:50,928 DEBUG [net.java_school.bank.BankUi.main()] n.j.c.TestLogger [TestLogger.java:24] WITHDRAW|101|1.0
2020-12-24 13:59:51,013 DEBUG [net.java_school.bank.BankUi.main()] n.j.c.TestLogger [TestLogger.java:19] deposit|202|1.0
2020-12-24 13:59:58,871 DEBUG [net.java_school.bank.BankUi.main()] o.s.c.a.AnnotationConfigApplicationContext [AbstractApplicationContext.java:1054] Closing org.springframework.context.annotation.AnnotationConfigApplicationContext@7f509a3b, started on Thu Dec 24 13:58:59 KST 2020
2023-02-17 11:51:56,471 DEBUG [net.java_school.bank.BankUi.main()] o.s.c.a.AnnotationConfigApplicationContext [AbstractApplicationContext.java:630] Refreshing org.springframework.context.annotation.AnnotationConfigApplicationContext@10bbb6b0
2023-02-17 11:51:56,591 DEBUG [net.java_school.bank.BankUi.main()] o.s.b.f.s.DefaultListableBeanFactory [DefaultSingletonBeanRegistry.java:225] Creating shared instance of singleton bean 'org.springframework.context.annotation.internalConfigurationAnnotationProcessor'
2023-02-17 11:51:57,140 DEBUG [net.java_school.bank.BankUi.main()] o.s.b.f.s.DefaultListableBeanFactory [DefaultSingletonBeanRegistry.java:225] Creating shared instance of singleton bean 'org.springframework.context.event.internalEventListenerProcessor'
2023-02-17 11:51:57,147 DEBUG [net.java_school.bank.BankUi.main()] o.s.b.f.s.DefaultListableBeanFactory [DefaultSingletonBeanRegistry.java:225] Creating shared instance of singleton bean 'org.springframework.context.event.internalEventListenerFactory'
2023-02-17 11:51:57,151 DEBUG [net.java_school.bank.BankUi.main()] o.s.b.f.s.DefaultListableBeanFactory [DefaultSingletonBeanRegistry.java:225] Creating shared instance of singleton bean 'org.springframework.context.annotation.internalAutowiredAnnotationProcessor'
2023-02-17 11:51:57,162 DEBUG [net.java_school.bank.BankUi.main()] o.s.b.f.s.DefaultListableBeanFactory [DefaultSingletonBeanRegistry.java:225] Creating shared instance of singleton bean 'org.springframework.aop.config.internalAutoProxyCreator'
2023-02-17 11:51:57,391 DEBUG [net.java_school.bank.BankUi.main()] o.s.b.f.s.DefaultListableBeanFactory [DefaultSingletonBeanRegistry.java:225] Creating shared instance of singleton bean 'bankConfig'
2023-02-17 11:51:57,482 DEBUG [net.java_school.bank.BankUi.main()] o.s.a.a.a.ReflectiveAspectJAdvisorFactory [ReflectiveAspectJAdvisorFactory.java:258] Found AspectJ method: public void net.java_school.commons.TestLogger.depositLog(org.aspectj.lang.JoinPoint)
2023-02-17 11:51:57,489 DEBUG [net.java_school.bank.BankUi.main()] o.s.a.a.a.ReflectiveAspectJAdvisorFactory [ReflectiveAspectJAdvisorFactory.java:258] Found AspectJ method: public void net.java_school.commons.TestLogger.withdrawLog(java.lang.String,double)
2023-02-17 11:51:57,535 WARN [net.java_school.bank.BankUi.main()] o.s.c.LocalVariableTableParameterNameDiscoverer [LocalVariableTableParameterNameDiscoverer.java:123] Using deprecated '-debug' fallback for parameter name resolution. Compile the affected code with '-parameters' instead or avoid its introspection: net.java_school.commons.TestLogger
2023-02-17 11:51:57,761 DEBUG [net.java_school.bank.BankUi.main()] o.s.b.f.s.DefaultListableBeanFactory [DefaultSingletonBeanRegistry.java:225] Creating shared instance of singleton bean 'testLogger'
2023-02-17 11:51:57,775 DEBUG [net.java_school.bank.BankUi.main()] o.s.b.f.s.DefaultListableBeanFactory [DefaultSingletonBeanRegistry.java:225] Creating shared instance of singleton bean 'myBankDao'
2023-02-17 11:51:58,611 DEBUG [net.java_school.bank.BankUi.main()] o.s.b.f.s.DefaultListableBeanFactory [DefaultSingletonBeanRegistry.java:225] Creating shared instance of singleton bean 'myBank'
2023-02-17 11:51:58,622 DEBUG [net.java_school.bank.BankUi.main()] o.s.b.f.s.DefaultListableBeanFactory [DefaultSingletonBeanRegistry.java:225] Creating shared instance of singleton bean 'bankUi'
2023-02-17 11:52:07,700 DEBUG [net.java_school.bank.BankUi.main()] o.s.c.a.AnnotationConfigApplicationContext [AbstractApplicationContext.java:1031] Closing org.springframework.context.annotation.AnnotationConfigApplicationContext@10bbb6b0, started on Fri Feb 17 11:51:56 KST 2023
2023-02-17 11:52:49,997 DEBUG [net.java_school.bank.BankUi.main()] o.s.c.a.AnnotationConfigApplicationContext [AbstractApplicationContext.java:630] Refreshing org.springframework.context.annotation.AnnotationConfigApplicationContext@195c8ada
2023-02-17 11:52:50,033 DEBUG [net.java_school.bank.BankUi.main()] o.s.b.f.s.DefaultListableBeanFactory [DefaultSingletonBeanRegistry.java:225] Creating shared instance of singleton bean 'org.springframework.context.annotation.internalConfigurationAnnotationProcessor'
2023-02-17 11:52:50,410 DEBUG [net.java_school.bank.BankUi.main()] o.s.b.f.s.DefaultListableBeanFactory [DefaultSingletonBeanRegistry.java:225] Creating shared instance of singleton bean 'org.springframework.context.event.internalEventListenerProcessor'
2023-02-17 11:52:50,416 DEBUG [net.java_school.bank.BankUi.main()] o.s.b.f.s.DefaultListableBeanFactory [DefaultSingletonBeanRegistry.java:225] Creating shared instance of singleton bean 'org.springframework.context.event.internalEventListenerFactory'
2023-02-17 11:52:50,420 DEBUG [net.java_school.bank.BankUi.main()] o.s.b.f.s.DefaultListableBeanFactory [DefaultSingletonBeanRegistry.java:225] Creating shared instance of singleton bean 'org.springframework.context.annotation.internalAutowiredAnnotationProcessor'
2023-02-17 11:52:50,428 DEBUG [net.java_school.bank.BankUi.main()] o.s.b.f.s.DefaultListableBeanFactory [DefaultSingletonBeanRegistry.java:225] Creating shared instance of singleton bean 'org.springframework.aop.config.internalAutoProxyCreator'
2023-02-17 11:52:50,630 DEBUG [net.java_school.bank.BankUi.main()] o.s.b.f.s.DefaultListableBeanFactory [DefaultSingletonBeanRegistry.java:225] Creating shared instance of singleton bean 'bankConfig'
2023-02-17 11:52:50,678 DEBUG [net.java_school.bank.BankUi.main()] o.s.a.a.a.ReflectiveAspectJAdvisorFactory [ReflectiveAspectJAdvisorFactory.java:258] Found AspectJ method: public void net.java_school.commons.TestLogger.depositLog(org.aspectj.lang.JoinPoint)
2023-02-17 11:52:50,682 DEBUG [net.java_school.bank.BankUi.main()] o.s.a.a.a.ReflectiveAspectJAdvisorFactory [ReflectiveAspectJAdvisorFactory.java:258] Found AspectJ method: public void net.java_school.commons.TestLogger.withdrawLog(java.lang.String,double)
2023-02-17 11:52:50,703 WARN [net.java_school.bank.BankUi.main()] o.s.c.LocalVariableTableParameterNameDiscoverer [LocalVariableTableParameterNameDiscoverer.java:123] Using deprecated '-debug' fallback for parameter name resolution. Compile the affected code with '-parameters' instead or avoid its introspection: net.java_school.commons.TestLogger
2023-02-17 11:52:50,888 DEBUG [net.java_school.bank.BankUi.main()] o.s.b.f.s.DefaultListableBeanFactory [DefaultSingletonBeanRegistry.java:225] Creating shared instance of singleton bean 'testLogger'
2023-02-17 11:52:50,896 DEBUG [net.java_school.bank.BankUi.main()] o.s.b.f.s.DefaultListableBeanFactory [DefaultSingletonBeanRegistry.java:225] Creating shared instance of singleton bean 'myBankDao'
2023-02-17 11:52:51,167 DEBUG [net.java_school.bank.BankUi.main()] o.s.b.f.s.DefaultListableBeanFactory [DefaultSingletonBeanRegistry.java:225] Creating shared instance of singleton bean 'myBank'
2023-02-17 11:52:51,177 DEBUG [net.java_school.bank.BankUi.main()] o.s.b.f.s.DefaultListableBeanFactory [DefaultSingletonBeanRegistry.java:225] Creating shared instance of singleton bean 'bankUi'
2023-02-17 11:53:06,512 DEBUG [net.java_school.bank.BankUi.main()] n.j.c.TestLogger [TestLogger.java:19] deposit|101|2.0
2023-02-17 11:53:46,255 DEBUG [net.java_school.bank.BankUi.main()] o.s.c.a.AnnotationConfigApplicationContext [AbstractApplicationContext.java:1031] Closing org.springframework.context.annotation.AnnotationConfigApplicationContext@195c8ada, started on Fri Feb 17 11:52:49 KST 2023
